mode: set
github.com/chef/omnitruck-service/services/databaseService.go:15.99,18.16 2 0
github.com/chef/omnitruck-service/services/databaseService.go:22.2,22.31 1 0
github.com/chef/omnitruck-service/services/databaseService.go:25.2,25.29 1 0
github.com/chef/omnitruck-service/services/databaseService.go:18.16,20.3 1 0
github.com/chef/omnitruck-service/services/databaseService.go:22.31,24.3 1 0
github.com/chef/omnitruck-service/services/helpers.go:9.98,16.2 5 1
github.com/chef/omnitruck-service/services/helpers.go:18.87,20.2 1 1
github.com/chef/omnitruck-service/services/helpers.go:22.74,34.2 1 1
github.com/chef/omnitruck-service/services/main.go:20.41,45.2 12 1
github.com/chef/omnitruck-service/services/main.go:47.78,49.16 2 0
github.com/chef/omnitruck-service/services/main.go:52.2,58.34 3 0
github.com/chef/omnitruck-service/services/main.go:49.16,51.3 1 0
github.com/chef/omnitruck-service/services/main.go:58.34,60.3 1 0
github.com/chef/omnitruck-service/services/main.go:69.63,75.31 4 0
github.com/chef/omnitruck-service/services/main.go:83.2,83.16 1 0
github.com/chef/omnitruck-service/services/main.go:75.31,78.3 2 0
github.com/chef/omnitruck-service/services/main.go:78.8,78.33 1 0
github.com/chef/omnitruck-service/services/main.go:78.33,81.3 2 0
github.com/chef/omnitruck-service/services/main.go:83.16,85.3 1 0
github.com/chef/omnitruck-service/services/main.go:85.8,87.3 1 0
github.com/chef/omnitruck-service/services/main.go:95.64,99.16 3 0
github.com/chef/omnitruck-service/services/main.go:99.16,101.3 1 0
github.com/chef/omnitruck-service/services/main.go:101.8,103.3 1 0
github.com/chef/omnitruck-service/services/main.go:111.68,116.16 3 0
github.com/chef/omnitruck-service/services/main.go:116.16,118.3 1 0
github.com/chef/omnitruck-service/services/main.go:118.8,120.3 1 0
github.com/chef/omnitruck-service/services/main.go:131.68,137.9 4 0
github.com/chef/omnitruck-service/services/main.go:141.2,144.31 3 0
github.com/chef/omnitruck-service/services/main.go:150.2,150.16 1 0
github.com/chef/omnitruck-service/services/main.go:137.9,139.3 1 0
github.com/chef/omnitruck-service/services/main.go:144.31,146.3 1 0
github.com/chef/omnitruck-service/services/main.go:146.8,148.3 1 0
github.com/chef/omnitruck-service/services/main.go:150.16,152.3 1 0
github.com/chef/omnitruck-service/services/main.go:152.8,154.3 1 0
github.com/chef/omnitruck-service/services/main.go:157.138,162.2 3 0
github.com/chef/omnitruck-service/services/main.go:166.140,171.16 3 0
github.com/chef/omnitruck-service/services/main.go:179.2,179.35 1 0
github.com/chef/omnitruck-service/services/main.go:171.16,172.75 1 0
github.com/chef/omnitruck-service/services/main.go:172.75,174.4 1 0
github.com/chef/omnitruck-service/services/main.go:191.70,195.9 3 0
github.com/chef/omnitruck-service/services/main.go:199.2,202.21 3 0
github.com/chef/omnitruck-service/services/main.go:224.2,224.16 1 0
github.com/chef/omnitruck-service/services/main.go:195.9,197.3 1 0
github.com/chef/omnitruck-service/services/main.go:203.18,204.27 1 0
github.com/chef/omnitruck-service/services/main.go:207.13,208.27 1 0
github.com/chef/omnitruck-service/services/main.go:213.3,213.40 1 0
github.com/chef/omnitruck-service/services/main.go:218.18,219.75 1 0
github.com/chef/omnitruck-service/services/main.go:204.27,206.4 1 0
github.com/chef/omnitruck-service/services/main.go:208.27,210.4 1 0
github.com/chef/omnitruck-service/services/main.go:213.40,217.4 1 0
github.com/chef/omnitruck-service/services/main.go:219.75,221.4 1 0
github.com/chef/omnitruck-service/services/main.go:224.16,226.3 1 0
github.com/chef/omnitruck-service/services/main.go:226.8,228.3 1 0
github.com/chef/omnitruck-service/services/main.go:243.70,246.59 2 0
github.com/chef/omnitruck-service/services/main.go:251.2,252.9 2 0
github.com/chef/omnitruck-service/services/main.go:256.2,260.123 4 0
github.com/chef/omnitruck-service/services/main.go:271.2,271.16 1 0
github.com/chef/omnitruck-service/services/main.go:246.59,249.3 2 0
github.com/chef/omnitruck-service/services/main.go:252.9,254.3 1 0
github.com/chef/omnitruck-service/services/main.go:260.123,269.3 6 0
github.com/chef/omnitruck-service/services/main.go:271.16,273.3 1 0
github.com/chef/omnitruck-service/services/main.go:273.8,275.3 1 0
github.com/chef/omnitruck-service/services/main.go:293.70,296.59 2 0
github.com/chef/omnitruck-service/services/main.go:301.2,302.9 2 0
github.com/chef/omnitruck-service/services/main.go:306.2,313.16 5 0
github.com/chef/omnitruck-service/services/main.go:296.59,299.3 2 0
github.com/chef/omnitruck-service/services/main.go:302.9,304.3 1 0
github.com/chef/omnitruck-service/services/main.go:313.16,315.3 1 0
github.com/chef/omnitruck-service/services/main.go:315.8,317.3 1 0
github.com/chef/omnitruck-service/services/main.go:334.70,337.59 2 0
github.com/chef/omnitruck-service/services/main.go:342.2,343.9 2 0
github.com/chef/omnitruck-service/services/main.go:347.2,350.16 3 0
github.com/chef/omnitruck-service/services/main.go:337.59,340.3 2 0
github.com/chef/omnitruck-service/services/main.go:343.9,345.3 1 0
github.com/chef/omnitruck-service/services/main.go:350.16,353.3 2 0
github.com/chef/omnitruck-service/services/main.go:353.8,355.3 1 0
github.com/chef/omnitruck-service/services/main.go:365.70,370.9 3 1
github.com/chef/omnitruck-service/services/main.go:374.2,376.16 2 1
github.com/chef/omnitruck-service/services/main.go:381.2,385.41 2 1
github.com/chef/omnitruck-service/services/main.go:370.9,372.3 1 0
github.com/chef/omnitruck-service/services/main.go:376.16,379.3 2 1
github.com/chef/omnitruck-service/services/mockDatabaseService.go:12.110,15.2 2 1
github.com/chef/omnitruck-service/services/services.go:56.32,61.2 3 0
github.com/chef/omnitruck-service/services/services.go:63.60,79.45 7 0
github.com/chef/omnitruck-service/services/services.go:89.2,89.21 1 0
github.com/chef/omnitruck-service/services/services.go:102.2,102.45 1 0
github.com/chef/omnitruck-service/services/services.go:108.2,108.15 1 0
github.com/chef/omnitruck-service/services/services.go:79.45,87.3 2 0
github.com/chef/omnitruck-service/services/services.go:89.21,95.41 1 0
github.com/chef/omnitruck-service/services/services.go:99.3,99.33 1 0
github.com/chef/omnitruck-service/services/services.go:95.41,97.5 1 0
github.com/chef/omnitruck-service/services/services.go:102.45,106.3 3 0
github.com/chef/omnitruck-service/services/services.go:111.59,116.2 3 0
github.com/chef/omnitruck-service/services/services.go:118.42,136.33 6 0
github.com/chef/omnitruck-service/services/services.go:151.2,156.16 4 0
github.com/chef/omnitruck-service/services/services.go:136.33,137.20 1 0
github.com/chef/omnitruck-service/services/services.go:146.4,146.16 1 0
github.com/chef/omnitruck-service/services/services.go:138.19,139.16 1 0
github.com/chef/omnitruck-service/services/services.go:140.13,141.16 1 0
github.com/chef/omnitruck-service/services/services.go:142.20,143.16 1 0
github.com/chef/omnitruck-service/services/services.go:156.16,157.34 1 0
github.com/chef/omnitruck-service/services/services.go:157.34,159.4 1 0
github.com/chef/omnitruck-service/services/services.go:159.9,161.4 1 0
github.com/chef/omnitruck-service/services/services.go:165.72,169.2 2 0
github.com/chef/omnitruck-service/services/services.go:171.59,173.2 1 1
github.com/chef/omnitruck-service/services/services.go:175.59,178.2 2 1
github.com/chef/omnitruck-service/services/services.go:180.104,187.19 4 1
github.com/chef/omnitruck-service/services/services.go:198.2,198.18 1 1
github.com/chef/omnitruck-service/services/services.go:187.19,196.3 3 0
github.com/chef/omnitruck-service/services/services.go:201.95,203.2 1 1
github.com/chef/omnitruck-service/services/services.go:205.83,212.2 1 1
github.com/chef/omnitruck-service/services/services.go:214.59,221.2 2 0
github.com/chef/omnitruck-service/services/services.go:223.30,225.2 1 0
